[INFO   ][2023-07-03 15:40:25]:正在启动...
[WARNING][2023-07-03 15:40:26]:==================================================
[INFO   ][2023-07-03 15:40:26]:tcp转发和http1.1代理已加载
[INFO   ][2023-07-03 15:40:26]:tcp转发和http1.1代理未允许注册
[WARNING][2023-07-03 15:40:26]:==================================================
[WARNING][2023-07-03 15:40:26]:==================================================
[INFO   ][2023-07-03 15:40:26]:udp转发已加载
[INFO   ][2023-07-03 15:40:26]:udp转发未允许注册
[WARNING][2023-07-03 15:40:26]:==================================================
[WARNING][2023-07-03 15:40:26]:==================================================
[INFO   ][2023-07-03 15:40:26]:socks5已加载
[INFO   ][2023-07-03 15:40:26]:socks5未允许连接
[WARNING][2023-07-03 15:40:26]:==================================================
[INFO   ][2023-07-03 15:40:26]:TCP服务已开启
[INFO   ][2023-07-03 15:40:26]:UDP服务已开启
[WARNING][2023-07-03 15:40:26]:==================================================
[INFO   ][2023-07-03 15:40:26]:没什么报红的，就说明运行成功了
[INFO   ][2023-07-03 15:40:26]:UDP端口:5410
[INFO   ][2023-07-03 15:40:26]:TCP端口:59410
[WARNING][2023-07-03 15:40:26]:==================================================
